c:\users\chris\onedrive\dokumenter\math3d\math3d\x64\debug\vc143.pdb
c:\users\chris\onedrive\dokumenter\math3d\math3d\x64\debug\vc143.idb
c:\users\chris\onedrive\dokumenter\math3d\math3d\x64\debug\omath.obj
c:\users\chris\onedrive\dokumenter\math3d\math3d\x64\debug\mmath.obj
c:\users\chris\onedrive\dokumenter\math3d\math3d\x64\debug\main.obj
c:\users\chris\onedrive\dokumenter\math3d\math3d\x64\debug\math3d.ilk
c:\users\chris\onedrive\dokumenter\math3d\x64\debug\math3d.pdb
c:\users\chris\onedrive\dokumenter\math3d\math3d\x64\debug\math3d.tlog\cl.command.1.tlog
c:\users\chris\onedrive\dokumenter\math3d\math3d\x64\debug\math3d.tlog\cl.items.tlog
c:\users\chris\onedrive\dokumenter\math3d\math3d\x64\debug\math3d.tlog\cl.read.1.tlog
c:\users\chris\onedrive\dokumenter\math3d\math3d\x64\debug\math3d.tlog\cl.write.1.tlog
c:\users\chris\onedrive\dokumenter\math3d\math3d\x64\debug\math3d.tlog\link-cvtres.read.1.tlog
c:\users\chris\onedrive\dokumenter\math3d\math3d\x64\debug\math3d.tlog\link-cvtres.write.1.tlog
c:\users\chris\onedrive\dokumenter\math3d\math3d\x64\debug\math3d.tlog\link-rc.read.1.tlog
c:\users\chris\onedrive\dokumenter\math3d\math3d\x64\debug\math3d.tlog\link-rc.write.1.tlog
c:\users\chris\onedrive\dokumenter\math3d\math3d\x64\debug\math3d.tlog\link.command.1.tlog
c:\users\chris\onedrive\dokumenter\math3d\math3d\x64\debug\math3d.tlog\link.read.1.tlog
c:\users\chris\onedrive\dokumenter\math3d\math3d\x64\debug\math3d.tlog\link.read.2.tlog
c:\users\chris\onedrive\dokumenter\math3d\math3d\x64\debug\math3d.tlog\link.read.3.tlog
c:\users\chris\onedrive\dokumenter\math3d\math3d\x64\debug\math3d.tlog\link.read.4.tlog
c:\users\chris\onedrive\dokumenter\math3d\math3d\x64\debug\math3d.tlog\link.secondary.1.tlog
c:\users\chris\onedrive\dokumenter\math3d\math3d\x64\debug\math3d.tlog\link.write.1.tlog
